2023-05-09T09:54:38.233  WARN --- [  Thread-106] hypercorn.error            : ASGI Framework Lifespan error, continuing without Lifespan support
2023-05-09T09:54:38.233  WARN --- [  Thread-106] hypercorn.error            : ASGI Framework Lifespan error, continuing without Lifespan support
2023-05-09T09:54:38.236  INFO --- [  Thread-106] hypercorn.error            : Running on https://0.0.0.0:4566 (CTRL + C to quit)
2023-05-09T09:54:38.236  INFO --- [  Thread-106] hypercorn.error            : Running on https://0.0.0.0:4566 (CTRL + C to quit)
2023-05-09T09:55:35.090  INFO --- [   asgi_gw_0] localstack.request.aws     : AWS sqs.CreateQueue => 200
2023-05-09T09:56:18.740  INFO --- [   asgi_gw_0] localstack.request.aws     : AWS sqs.ListQueues => 200
2023-05-09T09:56:53.984  INFO --- [   asgi_gw_0] localstack.request.aws     : AWS sqs.ListQueues => 200
2023-05-09T09:57:05.660  INFO --- [   asgi_gw_0] localstack.request.aws     : AWS sqs.CreateQueue => 200
2023-05-09T09:57:05.686  INFO --- [   asgi_gw_0] localstack.request.aws     : AWS sqs.GetQueueAttributes => 200
2023-05-09T09:57:05.694  INFO --- [   asgi_gw_0] localstack.request.aws     : AWS sqs.CreateQueue => 200
2023-05-09T09:57:05.714  INFO --- [   asgi_gw_1] localstack.request.aws     : AWS sqs.ListQueueTags => 200
2023-05-09T09:57:05.725  INFO --- [   asgi_gw_1] localstack.request.aws     : AWS sqs.SendMessage => 200
2023-05-09T09:57:05.733  INFO --- [   asgi_gw_1] localstack.request.aws     : AWS sqs.TagQueue => 200
2023-05-09T09:57:25.710  INFO --- [   asgi_gw_0] localstack.request.aws     : AWS sqs.ReceiveMessage => 200
2023-05-09T09:57:43.926  INFO --- [   asgi_gw_1] localstack.request.aws     : AWS sqs.CreateQueue => 200
2023-05-09T09:57:43.951  INFO --- [   asgi_gw_0] localstack.request.aws     : AWS sqs.GetQueueAttributes => 200
2023-05-09T09:57:43.960  INFO --- [   asgi_gw_1] localstack.request.aws     : AWS sqs.CreateQueue => 200
2023-05-09T09:57:43.980  INFO --- [   asgi_gw_1] localstack.request.aws     : AWS sqs.ListQueueTags => 200
2023-05-09T09:58:03.979  INFO --- [   asgi_gw_0] localstack.request.aws     : AWS sqs.ReceiveMessage => 200
2023-05-09T09:58:17.931  INFO --- [   asgi_gw_0] localstack.request.aws     : AWS sqs.CreateQueue => 200
2023-05-09T09:58:17.960  INFO --- [   asgi_gw_1] localstack.request.aws     : AWS sqs.GetQueueAttributes => 200
2023-05-09T09:58:17.971  INFO --- [   asgi_gw_0] localstack.request.aws     : AWS sqs.CreateQueue => 200
2023-05-09T09:58:17.991  INFO --- [   asgi_gw_0] localstack.request.aws     : AWS sqs.ListQueueTags => 200
2023-05-09T09:58:37.991  INFO --- [   asgi_gw_1] localstack.request.aws     : AWS sqs.ReceiveMessage => 200
2023-05-09T09:58:51.616  INFO --- [   asgi_gw_0] localstack.request.aws     : AWS sqs.CreateQueue => 200
2023-05-09T09:58:51.640  INFO --- [   asgi_gw_1] localstack.request.aws     : AWS sqs.GetQueueAttributes => 200
2023-05-09T09:58:51.650  INFO --- [   asgi_gw_0] localstack.request.aws     : AWS sqs.CreateQueue => 200
2023-05-09T09:58:51.673  INFO --- [   asgi_gw_0] localstack.request.aws     : AWS sqs.ListQueueTags => 200
2023-05-09T09:59:11.665  INFO --- [   asgi_gw_1] localstack.request.aws     : AWS sqs.ReceiveMessage => 200
2023-05-09T09:59:41.281  INFO --- [   asgi_gw_1] localstack.request.aws     : AWS sqs.CreateQueue => 200
2023-05-09T09:59:41.301  INFO --- [   asgi_gw_0] localstack.request.aws     : AWS sqs.GetQueueAttributes => 200
2023-05-09T09:59:41.308  INFO --- [   asgi_gw_1] localstack.request.aws     : AWS sqs.CreateQueue => 200
2023-05-09T09:59:41.331  INFO --- [   asgi_gw_1] localstack.request.aws     : AWS sqs.ListQueueTags => 200
2023-05-09T10:00:01.325  INFO --- [   asgi_gw_0] localstack.request.aws     : AWS sqs.ReceiveMessage => 200
2023-05-09T10:01:11.301  INFO --- [   asgi_gw_0] localstack.request.aws     : AWS sqs.CreateQueue => 200
2023-05-09T10:01:11.324  INFO --- [   asgi_gw_1] localstack.request.aws     : AWS sqs.GetQueueAttributes => 200
2023-05-09T10:01:11.331  INFO --- [   asgi_gw_0] localstack.request.aws     : AWS sqs.CreateQueue => 200
2023-05-09T10:01:11.343  INFO --- [   asgi_gw_1] localstack.request.aws     : AWS sqs.ReceiveMessage => 200
2023-05-09T10:01:11.353  INFO --- [   asgi_gw_0] localstack.request.aws     : AWS sqs.ListQueueTags => 200
2023-05-09T10:01:11.359  INFO --- [   asgi_gw_1] localstack.request.aws     : AWS sqs.ListQueues => 200
2023-05-09T10:01:11.368  INFO --- [   asgi_gw_0] localstack.request.aws     : AWS sqs.ListQueueTags => 200
2023-05-09T10:01:11.377  INFO --- [   asgi_gw_1] localstack.request.aws     : AWS sqs.CreateQueue => 200
2023-05-09T10:01:11.431  INFO --- [   asgi_gw_0] localstack.request.aws     : AWS sqs.TagQueue => 200
2023-05-09T10:01:11.437  INFO --- [   asgi_gw_1] localstack.request.aws     : AWS sqs.GetQueueAttributes => 200
2023-05-09T10:01:11.445  INFO --- [   asgi_gw_0] localstack.request.aws     : AWS sqs.GetQueueAttributes => 200
2023-05-09T10:03:03.178  INFO --- [   asgi_gw_0] localstack.request.aws     : AWS sqs.CreateQueue => 200
2023-05-09T10:03:03.201  INFO --- [   asgi_gw_1] localstack.request.aws     : AWS sqs.GetQueueAttributes => 200
2023-05-09T10:03:03.209  INFO --- [   asgi_gw_0] localstack.request.aws     : AWS sqs.CreateQueue => 200
2023-05-09T10:03:03.222  INFO --- [   asgi_gw_1] localstack.request.aws     : AWS sqs.ReceiveMessage => 200
2023-05-09T10:03:03.231  INFO --- [   asgi_gw_0] localstack.request.aws     : AWS sqs.ListQueueTags => 200
2023-05-09T10:03:03.239  INFO --- [   asgi_gw_1] localstack.request.aws     : AWS sqs.ListQueues => 200
2023-05-09T10:03:03.247  INFO --- [   asgi_gw_0] localstack.request.aws     : AWS sqs.ListQueueTags => 200
2023-05-09T10:03:03.256  INFO --- [   asgi_gw_1] localstack.request.aws     : AWS sqs.CreateQueue => 200
2023-05-09T10:03:03.308  INFO --- [   asgi_gw_0] localstack.request.aws     : AWS sqs.TagQueue => 200
2023-05-09T10:03:03.314  INFO --- [   asgi_gw_1] localstack.request.aws     : AWS sqs.GetQueueAttributes => 200
2023-05-09T10:03:03.321  INFO --- [   asgi_gw_0] localstack.request.aws     : AWS sqs.GetQueueAttributes => 200
2023-05-09T10:05:50.231  INFO --- [   asgi_gw_0] localstack.request.aws     : AWS sqs.CreateQueue => 200
2023-05-09T10:05:50.257  INFO --- [   asgi_gw_1] localstack.request.aws     : AWS sqs.GetQueueAttributes => 200
2023-05-09T10:05:50.264  INFO --- [   asgi_gw_0] localstack.request.aws     : AWS sqs.CreateQueue => 200
2023-05-09T10:05:50.278  INFO --- [   asgi_gw_1] localstack.request.aws     : AWS sqs.ReceiveMessage => 200
2023-05-09T10:05:50.286  INFO --- [   asgi_gw_0] localstack.request.aws     : AWS sqs.ListQueueTags => 200
2023-05-09T10:05:50.293  INFO --- [   asgi_gw_1] localstack.request.aws     : AWS sqs.ListQueues => 200
2023-05-09T10:05:50.343  INFO --- [   asgi_gw_0] localstack.request.aws     : AWS sqs.ListQueueTags => 200
2023-05-09T10:05:50.355  INFO --- [   asgi_gw_1] localstack.request.aws     : AWS sqs.CreateQueue => 200
2023-05-09T10:05:50.362  INFO --- [   asgi_gw_0] localstack.request.aws     : AWS sqs.TagQueue => 200
2023-05-09T10:05:50.414  INFO --- [   asgi_gw_1] localstack.request.aws     : AWS sqs.GetQueueAttributes => 200
2023-05-09T10:09:49.846  INFO --- [   asgi_gw_1] localstack.request.aws     : AWS sqs.CreateQueue => 200
2023-05-09T10:09:49.872  INFO --- [   asgi_gw_0] localstack.request.aws     : AWS sqs.GetQueueAttributes => 200
2023-05-09T10:09:49.883  INFO --- [   asgi_gw_1] localstack.request.aws     : AWS sqs.CreateQueue => 200
2023-05-09T10:09:49.897  INFO --- [   asgi_gw_0] localstack.request.aws     : AWS sqs.ReceiveMessage => 200
2023-05-09T10:09:49.906  INFO --- [   asgi_gw_1] localstack.request.aws     : AWS sqs.ListQueueTags => 200
2023-05-09T10:09:49.914  INFO --- [   asgi_gw_0] localstack.request.aws     : AWS sqs.ListQueues => 200
2023-05-09T10:09:49.924  INFO --- [   asgi_gw_1] localstack.request.aws     : AWS sqs.ListQueueTags => 200
2023-05-09T10:09:49.933  INFO --- [   asgi_gw_0] localstack.request.aws     : AWS sqs.CreateQueue => 200
2023-05-09T10:09:49.981  INFO --- [   asgi_gw_1] localstack.request.aws     : AWS sqs.TagQueue => 200
2023-05-09T10:09:49.987  INFO --- [   asgi_gw_0] localstack.request.aws     : AWS sqs.GetQueueAttributes => 200
2023-05-09T10:09:49.994  INFO --- [   asgi_gw_1] localstack.request.aws     : AWS sqs.GetQueueAttributes => 200
2023-05-09T10:10:08.903  INFO --- [   asgi_gw_0] localstack.request.aws     : AWS sqs.CreateQueue => 200
2023-05-09T10:10:08.929  INFO --- [   asgi_gw_1] localstack.request.aws     : AWS sqs.GetQueueAttributes => 200
2023-05-09T10:10:08.940  INFO --- [   asgi_gw_0] localstack.request.aws     : AWS sqs.CreateQueue => 200
2023-05-09T10:10:08.960  INFO --- [   asgi_gw_0] localstack.request.aws     : AWS sqs.ListQueueTags => 200
2023-05-09T10:10:20.454  INFO --- [   asgi_gw_1] localstack.request.aws     : AWS sqs.ReceiveMessage => 200
2023-05-09T10:10:30.756  INFO --- [   asgi_gw_0] localstack.request.aws     : AWS sqs.CreateQueue => 200
2023-05-09T10:10:30.786  INFO --- [   asgi_gw_1] localstack.request.aws     : AWS sqs.GetQueueAttributes => 200
2023-05-09T10:10:30.794  INFO --- [   asgi_gw_0] localstack.request.aws     : AWS sqs.CreateQueue => 200
2023-05-09T10:10:30.817  INFO --- [   asgi_gw_0] localstack.request.aws     : AWS sqs.ListQueueTags => 200
2023-05-09T10:10:50.587  INFO --- [   asgi_gw_1] localstack.request.aws     : AWS sqs.ReceiveMessage => 200
2023-05-09T10:10:58.584  INFO --- [   asgi_gw_1] localstack.request.aws     : AWS sqs.CreateQueue => 200
2023-05-09T10:10:58.607  INFO --- [   asgi_gw_0] localstack.request.aws     : AWS sqs.GetQueueAttributes => 200
2023-05-09T10:10:58.615  INFO --- [   asgi_gw_1] localstack.request.aws     : AWS sqs.CreateQueue => 200
2023-05-09T10:10:58.635  INFO --- [   asgi_gw_1] localstack.request.aws     : AWS sqs.ListQueueTags => 200
2023-05-09T10:11:18.631  INFO --- [   asgi_gw_0] localstack.request.aws     : AWS sqs.ReceiveMessage => 200
2023-05-09T10:18:09.411  INFO --- [   asgi_gw_1] localstack.request.aws     : AWS sqs.CreateQueue => 200
2023-05-09T10:18:09.435  INFO --- [   asgi_gw_0] localstack.request.aws     : AWS sqs.GetQueueAttributes => 200
2023-05-09T10:18:09.442  INFO --- [   asgi_gw_1] localstack.request.aws     : AWS sqs.CreateQueue => 200
2023-05-09T10:18:09.463  INFO --- [   asgi_gw_1] localstack.request.aws     : AWS sqs.ListQueueTags => 200
2023-05-09T10:18:09.474  INFO --- [   asgi_gw_1] localstack.request.aws     : AWS sqs.SendMessage => 200
2023-05-09T10:18:09.482  INFO --- [   asgi_gw_1] localstack.request.aws     : AWS sqs.TagQueue => 200
2023-05-09T10:18:29.460  INFO --- [   asgi_gw_0] localstack.request.aws     : AWS sqs.ReceiveMessage => 200
2023-05-09T10:18:47.210  INFO --- [   asgi_gw_0] localstack.request.aws     : AWS sqs.CreateQueue => 200
2023-05-09T10:18:47.235  INFO --- [   asgi_gw_1] localstack.request.aws     : AWS sqs.GetQueueAttributes => 200
2023-05-09T10:18:47.243  INFO --- [   asgi_gw_0] localstack.request.aws     : AWS sqs.CreateQueue => 200
2023-05-09T10:18:47.267  INFO --- [   asgi_gw_0] localstack.request.aws     : AWS sqs.ListQueueTags => 200
2023-05-09T10:19:07.261  INFO --- [   asgi_gw_1] localstack.request.aws     : AWS sqs.ReceiveMessage => 200
2023-05-09T10:23:02.247  INFO --- [   asgi_gw_1] localstack.request.aws     : AWS sqs.CreateQueue => 200
2023-05-09T10:23:02.272  INFO --- [   asgi_gw_0] localstack.request.aws     : AWS sqs.GetQueueAttributes => 200
2023-05-09T10:23:02.281  INFO --- [   asgi_gw_1] localstack.request.aws     : AWS sqs.CreateQueue => 200
2023-05-09T10:23:02.294  INFO --- [   asgi_gw_0] localstack.request.aws     : AWS sqs.ReceiveMessage => 200
2023-05-09T10:23:02.303  INFO --- [   asgi_gw_1] localstack.request.aws     : AWS sqs.ListQueueTags => 200
2023-05-09T10:23:02.309  INFO --- [   asgi_gw_0] localstack.request.aws     : AWS sqs.ListQueues => 200
2023-05-09T10:23:02.363  INFO --- [   asgi_gw_1] localstack.request.aws     : AWS sqs.ListQueueTags => 200
2023-05-09T10:23:02.376  INFO --- [   asgi_gw_0] localstack.request.aws     : AWS sqs.CreateQueue => 200
2023-05-09T10:23:02.384  INFO --- [   asgi_gw_1] localstack.request.aws     : AWS sqs.TagQueue => 200
2023-05-09T10:23:56.265  INFO --- [   asgi_gw_1] localstack.request.aws     : AWS sqs.CreateQueue => 200
2023-05-09T10:23:56.289  INFO --- [   asgi_gw_0] localstack.request.aws     : AWS sqs.GetQueueAttributes => 200
2023-05-09T10:23:56.298  INFO --- [   asgi_gw_1] localstack.request.aws     : AWS sqs.CreateQueue => 200
2023-05-09T10:23:56.311  INFO --- [   asgi_gw_0] localstack.request.aws     : AWS sqs.ReceiveMessage => 200
2023-05-09T10:23:56.323  INFO --- [   asgi_gw_1] localstack.request.aws     : AWS sqs.ListQueueTags => 200
2023-05-09T10:23:56.328  INFO --- [   asgi_gw_0] localstack.request.aws     : AWS sqs.ListQueues => 200
2023-05-09T10:23:56.379  INFO --- [   asgi_gw_1] localstack.request.aws     : AWS sqs.ListQueueTags => 200
2023-05-09T10:23:56.389  INFO --- [   asgi_gw_0] localstack.request.aws     : AWS sqs.CreateQueue => 200
2023-05-09T10:23:56.399  INFO --- [   asgi_gw_1] localstack.request.aws     : AWS sqs.TagQueue => 200
2023-05-09T10:23:56.447  INFO --- [   asgi_gw_0] localstack.request.aws     : AWS sqs.GetQueueAttributes => 200
2023-05-09T10:23:56.455  INFO --- [   asgi_gw_1] localstack.request.aws     : AWS sqs.GetQueueAttributes => 200
2023-05-09T10:23:56.462  INFO --- [   asgi_gw_0] localstack.request.aws     : AWS sqs.TagQueue => 200
2023-05-09T10:28:13.081  INFO --- [   asgi_gw_0] localstack.request.aws     : AWS sqs.CreateQueue => 200
2023-05-09T10:28:13.113  INFO --- [   asgi_gw_1] localstack.request.aws     : AWS sqs.GetQueueAttributes => 200
2023-05-09T10:28:13.125  INFO --- [   asgi_gw_0] localstack.request.aws     : AWS sqs.CreateQueue => 200
2023-05-09T10:28:13.145  INFO --- [   asgi_gw_1] localstack.request.aws     : AWS sqs.ReceiveMessage => 200
2023-05-09T10:28:13.159  INFO --- [   asgi_gw_0] localstack.request.aws     : AWS sqs.ListQueueTags => 200
2023-05-09T10:28:13.169  INFO --- [   asgi_gw_1] localstack.request.aws     : AWS sqs.ListQueues => 200
2023-05-09T10:28:13.224  INFO --- [   asgi_gw_0] localstack.request.aws     : AWS sqs.ListQueueTags => 200
2023-05-09T10:28:13.243  INFO --- [   asgi_gw_1] localstack.request.aws     : AWS sqs.CreateQueue => 200
2023-05-09T10:28:13.255  INFO --- [   asgi_gw_0] localstack.request.aws     : AWS sqs.TagQueue => 200
2023-05-09T10:28:13.305  INFO --- [   asgi_gw_1] localstack.request.aws     : AWS sqs.GetQueueAttributes => 200
2023-05-09T10:28:13.314  INFO --- [   asgi_gw_0] localstack.request.aws     : AWS sqs.GetQueueAttributes => 200
2023-05-09T10:28:13.322  INFO --- [   asgi_gw_1] localstack.request.aws     : AWS sqs.TagQueue => 200
2023-05-09T10:28:13.326  INFO --- [   asgi_gw_1] localstack.request.aws     : AWS sqs.SendMessage => 200
2023-05-09T10:29:35.095  INFO --- [   asgi_gw_1] localstack.request.aws     : AWS sqs.CreateQueue => 200
2023-05-09T10:29:35.121  INFO --- [   asgi_gw_0] localstack.request.aws     : AWS sqs.GetQueueAttributes => 200
2023-05-09T10:29:35.132  INFO --- [   asgi_gw_1] localstack.request.aws     : AWS sqs.CreateQueue => 200
2023-05-09T10:29:35.147  INFO --- [   asgi_gw_0] localstack.request.aws     : AWS sqs.ReceiveMessage => 200
2023-05-09T10:29:35.158  INFO --- [   asgi_gw_1] localstack.request.aws     : AWS sqs.ListQueueTags => 200
2023-05-09T10:29:35.164  INFO --- [   asgi_gw_0] localstack.request.aws     : AWS sqs.ListQueueTags => 200
2023-05-09T10:29:35.167  INFO --- [   asgi_gw_1] localstack.request.aws     : AWS sqs.ListQueues => 200
2023-05-09T10:29:35.175  INFO --- [   asgi_gw_0] localstack.request.aws     : AWS sqs.ListQueueTags => 200
2023-05-09T10:29:35.182  INFO --- [   asgi_gw_1] localstack.request.aws     : AWS sqs.CreateQueue => 200
2023-05-09T10:29:35.191  INFO --- [   asgi_gw_0] localstack.request.aws     : AWS sqs.TagQueue => 200
2023-05-09T10:29:35.212  INFO --- [   asgi_gw_1] localstack.request.aws     : AWS sqs.ListQueueTags => 200
2023-05-09T10:29:35.220  INFO --- [   asgi_gw_0] localstack.request.aws     : AWS sqs.SendMessage => 200
2023-05-09T10:29:35.231  INFO --- [   asgi_gw_1] localstack.request.aws     : AWS sqs.DeleteMessage => 200
2023-05-09T10:29:35.239  INFO --- [   asgi_gw_0] localstack.request.aws     : AWS sqs.GetQueueAttributes => 200
2023-05-09T10:29:35.247  INFO --- [   asgi_gw_1] localstack.request.aws     : AWS sqs.GetQueueAttributes => 200
2023-05-09T10:29:35.258  INFO --- [   asgi_gw_0] localstack.request.aws     : AWS sqs.TagQueue => 200
2023-05-09T10:29:35.262  INFO --- [   asgi_gw_1] localstack.request.aws     : AWS sqs.SendMessage => 200
2023-05-09T10:29:35.271  INFO --- [   asgi_gw_0] localstack.request.aws     : AWS sqs.ListQueueTags => 200
2023-05-09T10:29:35.279  INFO --- [   asgi_gw_1] localstack.request.aws     : AWS sqs.SendMessage => 200
2023-05-09T10:29:35.286  INFO --- [   asgi_gw_0] localstack.request.aws     : AWS sqs.ListQueueTags => 200
2023-05-09T10:29:35.333  INFO --- [   asgi_gw_0] localstack.request.aws     : AWS sqs.SendMessage => 200
2023-05-09T10:29:35.380  INFO --- [   asgi_gw_0] localstack.request.aws     : AWS sqs.ListQueueTags => 200
2023-05-09T10:29:35.427  INFO --- [   asgi_gw_0] localstack.request.aws     : AWS sqs.SendMessage => 200
2023-05-09T10:29:35.473  INFO --- [   asgi_gw_0] localstack.request.aws     : AWS sqs.ListQueueTags => 200
2023-05-09T10:29:35.524  INFO --- [   asgi_gw_0] localstack.request.aws     : AWS sqs.SendMessage => 200
2023-05-09T10:29:35.575  INFO --- [   asgi_gw_0] localstack.request.aws     : AWS sqs.ListQueueTags => 200
2023-05-09T10:29:35.625  INFO --- [   asgi_gw_0] localstack.request.aws     : AWS sqs.SendMessage => 200
2023-05-09T10:29:35.679  INFO --- [   asgi_gw_0] localstack.request.aws     : AWS sqs.ListQueueTags => 200
2023-05-09T10:29:35.735  INFO --- [   asgi_gw_0] localstack.request.aws     : AWS sqs.SendMessage => 200
2023-05-09T10:29:35.786  INFO --- [   asgi_gw_0] localstack.request.aws     : AWS sqs.ListQueueTags => 200
2023-05-09T10:29:35.839  INFO --- [   asgi_gw_0] localstack.request.aws     : AWS sqs.SendMessage => 200
2023-05-09T10:29:35.897  INFO --- [   asgi_gw_0] localstack.request.aws     : AWS sqs.ListQueueTags => 200
2023-05-09T10:29:35.954  INFO --- [   asgi_gw_0] localstack.request.aws     : AWS sqs.SendMessage => 200
2023-05-09T10:29:36.005  INFO --- [   asgi_gw_0] localstack.request.aws     : AWS sqs.ListQueueTags => 200
2023-05-09T10:29:36.058  INFO --- [   asgi_gw_0] localstack.request.aws     : AWS sqs.SendMessage => 200
2023-05-09T10:29:36.108  INFO --- [   asgi_gw_0] localstack.request.aws     : AWS sqs.TagQueue => 200
2023-05-09T10:29:36.156  INFO --- [   asgi_gw_0] localstack.request.aws     : AWS sqs.DeleteMessage => 200
2023-05-09T10:29:36.209  INFO --- [   asgi_gw_0] localstack.request.aws     : AWS sqs.ReceiveMessage => 200
2023-05-09T10:29:36.230  INFO --- [   asgi_gw_0] localstack.request.aws     : AWS sqs.ListQueueTags => 200
2023-05-09T10:29:36.231  INFO --- [   asgi_gw_2] localstack.request.aws     : AWS sqs.ListQueueTags => 200
2023-05-09T10:29:36.236  INFO --- [   asgi_gw_7] localstack.request.aws     : AWS sqs.ListQueueTags => 200
2023-05-09T10:29:36.237  INFO --- [   asgi_gw_8] localstack.request.aws     : AWS sqs.ListQueueTags => 200
2023-05-09T10:29:36.238  INFO --- [   asgi_gw_6] localstack.request.aws     : AWS sqs.ListQueueTags => 200
2023-05-09T10:29:36.238  INFO --- [   asgi_gw_4] localstack.request.aws     : AWS sqs.ListQueueTags => 200
2023-05-09T10:29:36.239  INFO --- [   asgi_gw_5] localstack.request.aws     : AWS sqs.ListQueueTags => 200
2023-05-09T10:29:36.240  INFO --- [   asgi_gw_3] localstack.request.aws     : AWS sqs.ListQueueTags => 200
2023-05-09T10:29:36.254  INFO --- [   asgi_gw_3] localstack.request.aws     : AWS sqs.ListQueueTags => 200
2023-05-09T10:29:36.257  INFO --- [   asgi_gw_2] localstack.request.aws     : AWS sqs.ListQueueTags => 200
2023-05-09T10:29:36.259  INFO --- [   asgi_gw_8] localstack.request.aws     : AWS sqs.ListQueueTags => 200
2023-05-09T10:29:36.260  INFO --- [   asgi_gw_5] localstack.request.aws     : AWS sqs.ListQueueTags => 200
2023-05-09T10:29:36.261  INFO --- [   asgi_gw_4] localstack.request.aws     : AWS sqs.ListQueueTags => 200
2023-05-09T10:29:36.262  INFO --- [   asgi_gw_7] localstack.request.aws     : AWS sqs.ListQueueTags => 200
2023-05-09T10:29:36.265  INFO --- [   asgi_gw_3] localstack.request.aws     : AWS sqs.ListQueueTags => 200
2023-05-09T10:29:36.265  INFO --- [   asgi_gw_2] localstack.request.aws     : AWS sqs.TagQueue => 200
2023-05-09T10:29:36.276  INFO --- [   asgi_gw_3] localstack.request.aws     : AWS sqs.GetQueueAttributes => 200
2023-05-09T10:29:36.276  INFO --- [   asgi_gw_0] localstack.request.aws     : AWS sqs.GetQueueAttributes => 200
2023-05-09T10:29:36.279  INFO --- [   asgi_gw_8] localstack.request.aws     : AWS sqs.SendMessage => 200
2023-05-09T10:29:36.280  INFO --- [   asgi_gw_1] localstack.request.aws     : AWS sqs.ReceiveMessage => 200
2023-05-09T10:29:36.281  INFO --- [   asgi_gw_7] localstack.request.aws     : AWS sqs.GetQueueAttributes => 200
2023-05-09T10:29:36.282  INFO --- [   asgi_gw_5] localstack.request.aws     : AWS sqs.SendMessage => 200
2023-05-09T10:29:36.285  INFO --- [   asgi_gw_2] localstack.request.aws     : AWS sqs.GetQueueAttributes => 200
2023-05-09T10:29:36.287  INFO --- [   asgi_gw_6] localstack.request.aws     : AWS sqs.GetQueueAttributes => 200
2023-05-09T10:29:36.300  INFO --- [   asgi_gw_4] localstack.request.aws     : AWS sqs.DeleteQueue => 200
2023-05-09T10:29:36.301  INFO --- [   asgi_gw_2] localstack.request.aws     : AWS sqs.ListQueueTags => 200
2023-05-09T10:29:36.303  INFO --- [   asgi_gw_8] localstack.request.aws     : AWS sqs.DeleteMessage => 200
2023-05-09T10:29:36.305  INFO --- [   asgi_gw_1] localstack.request.aws     : AWS sqs.DeleteMessage => 200
2023-05-09T10:29:36.305  INFO --- [   asgi_gw_6] localstack.request.aws     : AWS sqs.DeleteQueue => 200
2023-05-09T10:29:36.306  INFO --- [   asgi_gw_0] localstack.request.aws     : AWS sqs.DeleteQueue => 200
2023-05-09T10:29:36.309  INFO --- [   asgi_gw_5] localstack.request.aws     : AWS sqs.DeleteMessage => 200
2023-05-09T10:29:36.311  INFO --- [   asgi_gw_7] localstack.request.aws     : AWS sqs.DeleteQueue => 200
2023-05-09T10:29:36.315  INFO --- [   asgi_gw_2] localstack.request.aws     : AWS sqs.DeleteQueue => 200
2023-05-09T10:29:36.318  INFO --- [   asgi_gw_3] localstack.request.aws     : AWS sqs.GetQueueAttributes => 200
2023-05-09T10:29:36.320  INFO --- [   asgi_gw_2] localstack.request.aws     : AWS sqs.ListQueueTags => 200
2023-05-09T10:29:36.324  INFO --- [   asgi_gw_0] localstack.request.aws     : AWS sqs.DeleteQueue => 200
2023-05-09T10:29:36.358  INFO --- [   asgi_gw_6] localstack.request.aws     : AWS sqs.SendMessage => 200
2023-05-09T10:29:36.363  INFO --- [   asgi_gw_5] localstack.request.aws     : AWS sqs.SendMessage => 200
2023-05-09T10:29:36.365  INFO --- [   asgi_gw_7] localstack.request.aws     : AWS sqs.SendMessage => 200
2023-05-09T10:29:36.368  INFO --- [   asgi_gw_4] localstack.request.aws     : AWS sqs.ReceiveMessage => 200
2023-05-09T10:29:36.369  INFO --- [   asgi_gw_3] localstack.request.aws     : AWS sqs.SendMessage => 200
2023-05-09T10:29:36.374  INFO --- [   asgi_gw_2] localstack.request.aws     : AWS sqs.SendMessage => 200
2023-05-09T10:29:36.380  INFO --- [   asgi_gw_7] localstack.request.aws     : AWS sqs.ListQueueTags => 200
2023-05-09T10:29:36.380  INFO --- [   asgi_gw_0] localstack.request.aws     : AWS sqs.SendMessage => 200
2023-05-09T10:29:36.383  INFO --- [   asgi_gw_6] localstack.request.aws     : AWS sqs.DeleteMessage => 200
2023-05-09T10:29:36.384  INFO --- [   asgi_gw_8] localstack.request.aws     : AWS sqs.DeleteMessage => 200
2023-05-09T10:29:36.385  INFO --- [   asgi_gw_2] localstack.request.aws     : AWS sqs.DeleteMessage => 200
2023-05-09T10:29:36.388  INFO --- [   asgi_gw_1] localstack.request.aws     : AWS sqs.DeleteMessage => 200
2023-05-09T10:29:36.391  INFO --- [   asgi_gw_7] localstack.request.aws     : AWS sqs.DeleteMessage => 200
2023-05-09T10:29:36.394  INFO --- [   asgi_gw_0] localstack.request.aws     : AWS sqs.DeleteMessage => 200
2023-05-09T10:29:36.398  INFO --- [   asgi_gw_1] localstack.request.aws     : AWS sqs.SendMessage => 200
2023-05-09T10:29:36.402  INFO --- [   asgi_gw_3] localstack.request.aws     : AWS sqs.DeleteMessage => 200
2023-05-09T10:29:36.402  INFO --- [   asgi_gw_4] localstack.request.aws     : AWS sqs.DeleteMessage => 200
2023-05-09T10:29:36.404  INFO --- [   asgi_gw_2] localstack.request.aws     : AWS sqs.DeleteMessage => 200
2023-05-09T10:29:36.404  INFO --- [   asgi_gw_6] localstack.request.aws     : AWS sqs.DeleteMessage => 200
2023-05-09T10:29:36.409  INFO --- [   asgi_gw_5] localstack.request.aws     : AWS sqs.DeleteMessage => 200
2023-05-09T10:29:36.453  INFO --- [   asgi_gw_8] localstack.request.aws     : AWS sqs.ReceiveMessage => 200
2023-05-09T10:29:36.460  INFO --- [   asgi_gw_4] localstack.request.aws     : AWS sqs.DeleteMessage => 200
2023-05-09T10:29:36.462  INFO --- [   asgi_gw_0] localstack.request.aws     : AWS sqs.DeleteMessage => 200
2023-05-09T10:29:36.463  INFO --- [   asgi_gw_6] localstack.request.aws     : AWS sqs.DeleteMessage => 200
2023-05-09T10:29:36.464  INFO --- [   asgi_gw_2] localstack.request.aws     : AWS sqs.DeleteMessage => 200
2023-05-09T10:29:41.269  INFO --- [   asgi_gw_4] localstack.request.aws     : AWS sqs.TagQueue => 200
2023-05-09T10:29:46.265  INFO --- [   asgi_gw_6] localstack.request.aws     : AWS sqs.TagQueue => 200
2023-05-09T10:29:51.265  INFO --- [   asgi_gw_8] localstack.request.aws     : AWS sqs.TagQueue => 200
2023-05-09T10:29:55.281  INFO --- [   asgi_gw_4] localstack.request.aws     : AWS sqs.DeleteQueue => 200
2023-05-09T10:29:56.457  INFO --- [   asgi_gw_1] localstack.request.aws     : AWS sqs.ReceiveMessage => 200
2023-05-09T10:29:56.513  INFO --- [   asgi_gw_7] localstack.request.aws     : AWS sqs.ReceiveMessage => 200
2023-05-09T10:30:16.472  INFO --- [   asgi_gw_6] localstack.request.aws     : AWS sqs.ReceiveMessage => 200
2023-05-09T10:31:50.262  INFO --- [   asgi_gw_6] localstack.request.aws     : AWS sqs.CreateQueue => 200
2023-05-09T10:31:50.288  INFO --- [   asgi_gw_4] localstack.request.aws     : AWS sqs.GetQueueAttributes => 200
2023-05-09T10:31:50.296  INFO --- [   asgi_gw_7] localstack.request.aws     : AWS sqs.CreateQueue => 200
2023-05-09T10:31:50.316  INFO --- [   asgi_gw_2] localstack.request.aws     : AWS sqs.ListQueueTags => 200
2023-05-09T10:32:10.314  INFO --- [   asgi_gw_0] localstack.request.aws     : AWS sqs.ReceiveMessage => 200
2023-05-09T10:32:13.028  INFO --- [   asgi_gw_7] localstack.request.aws     : AWS sqs.CreateQueue => 200
2023-05-09T10:32:13.059  INFO --- [   asgi_gw_5] localstack.request.aws     : AWS sqs.GetQueueAttributes => 200
2023-05-09T10:32:13.070  INFO --- [   asgi_gw_3] localstack.request.aws     : AWS sqs.CreateQueue => 200
2023-05-09T10:32:13.100  INFO --- [   asgi_gw_0] localstack.request.aws     : AWS sqs.ListQueueTags => 200
2023-05-09T10:32:33.094  INFO --- [   asgi_gw_4] localstack.request.aws     : AWS sqs.ReceiveMessage => 200
2023-05-09T10:34:17.944  INFO --- [   asgi_gw_4] localstack.request.aws     : AWS sqs.CreateQueue => 200
2023-05-09T10:34:17.969  INFO --- [   asgi_gw_0] localstack.request.aws     : AWS sqs.GetQueueAttributes => 200
2023-05-09T10:34:17.976  INFO --- [   asgi_gw_7] localstack.request.aws     : AWS sqs.CreateQueue => 200
2023-05-09T10:34:17.997  INFO --- [   asgi_gw_6] localstack.request.aws     : AWS sqs.ListQueueTags => 200
2023-05-09T10:34:36.063  INFO --- [   asgi_gw_2] localstack.request.aws     : AWS sqs.ReceiveMessage => 200
2023-05-09T10:34:49.557  INFO --- [   asgi_gw_3] localstack.request.aws     : AWS sqs.CreateQueue => 200
2023-05-09T10:34:49.581  INFO --- [   asgi_gw_1] localstack.request.aws     : AWS sqs.GetQueueAttributes => 200
2023-05-09T10:34:49.589  INFO --- [   asgi_gw_5] localstack.request.aws     : AWS sqs.CreateQueue => 200
2023-05-09T10:34:49.609  INFO --- [   asgi_gw_7] localstack.request.aws     : AWS sqs.ListQueueTags => 200
2023-05-09T10:35:06.341  INFO --- [   asgi_gw_2] localstack.request.aws     : AWS sqs.ReceiveMessage => 200
2023-05-09T10:36:23.122  INFO --- [   asgi_gw_4] localstack.request.aws     : AWS sqs.CreateQueue => 200
2023-05-09T10:36:23.147  INFO --- [   asgi_gw_0] localstack.request.aws     : AWS sqs.GetQueueAttributes => 200
2023-05-09T10:36:23.155  INFO --- [   asgi_gw_2] localstack.request.aws     : AWS sqs.CreateQueue => 200
2023-05-09T10:36:23.168  INFO --- [   asgi_gw_5] localstack.request.aws     : AWS sqs.ReceiveMessage => 200
2023-05-09T10:36:23.177  INFO --- [   asgi_gw_6] localstack.request.aws     : AWS sqs.ListQueueTags => 200
2023-05-09T10:36:23.186  INFO --- [   asgi_gw_4] localstack.request.aws     : AWS sqs.ListQueues => 200
2023-05-09T10:36:23.194  INFO --- [   asgi_gw_0] localstack.request.aws     : AWS sqs.ListQueueTags => 200
2023-05-09T10:36:23.204  INFO --- [   asgi_gw_2] localstack.request.aws     : AWS sqs.CreateQueue => 200
2023-05-09T10:36:23.253  INFO --- [   asgi_gw_5] localstack.request.aws     : AWS sqs.TagQueue => 200
2023-05-09T10:36:23.262  INFO --- [   asgi_gw_6] localstack.request.aws     : AWS sqs.GetQueueAttributes => 200
2023-05-09T10:36:23.270  INFO --- [   asgi_gw_4] localstack.request.aws     : AWS sqs.GetQueueAttributes => 200
2023-05-09T10:36:42.459  INFO --- [   asgi_gw_5] localstack.request.aws     : AWS sqs.CreateQueue => 200
2023-05-09T10:36:42.483  INFO --- [   asgi_gw_6] localstack.request.aws     : AWS sqs.GetQueueAttributes => 200
2023-05-09T10:36:42.491  INFO --- [   asgi_gw_4] localstack.request.aws     : AWS sqs.CreateQueue => 200
2023-05-09T10:36:42.514  INFO --- [   asgi_gw_2] localstack.request.aws     : AWS sqs.ListQueueTags => 200
2023-05-09T10:36:53.815  INFO --- [   asgi_gw_0] localstack.request.aws     : AWS sqs.ReceiveMessage => 200
2023-05-09T10:37:07.114  INFO --- [   asgi_gw_4] localstack.request.aws     : AWS sqs.CreateQueue => 200
2023-05-09T10:37:07.139  INFO --- [   asgi_gw_8] localstack.request.aws     : AWS sqs.GetQueueAttributes => 200
2023-05-09T10:37:07.146  INFO --- [   asgi_gw_7] localstack.request.aws     : AWS sqs.CreateQueue => 200
2023-05-09T10:37:07.166  INFO --- [   asgi_gw_6] localstack.request.aws     : AWS sqs.ListQueueTags => 200
2023-05-09T10:37:23.918  INFO --- [   asgi_gw_0] localstack.request.aws     : AWS sqs.ReceiveMessage => 200
